<?xml version="1.0" encoding="UTF-8"?>
<testng-results ignored="0" total="1" passed="1" failed="0" skipped="0">
  <reporter-output>
  </reporter-output>
  <suite started-at="2026-04-15T07:51:00 IST" name="Appium Test Suite" finished-at="2026-04-15T07:51:03 IST" duration-ms="3020">
    <groups>
    </groups>
    <test started-at="2026-04-15T07:51:00 IST" name="Mobile Tests" finished-at="2026-04-15T07:51:03 IST" duration-ms="3020">
      <class name="com.appium.tests.SampleTest">
        <test-method is-config="true" signature="setUp()[pri:0, instance:com.appium.tests.SampleTest@64b73e7a]" started-at="2026-04-15T07:51:00 IST" name="setUp" finished-at="2026-04-15T07:51:03 IST" duration-ms="2738" status="PASS">
          <reporter-output>
          </reporter-output>
        </test-method> <!-- setUp -->
        <test-method signature="testAppLaunch()[pri:1, instance:com.appium.tests.SampleTest@64b73e7a]" started-at="2026-04-15T07:51:03 IST" name="testAppLaunch" finished-at="2026-04-15T07:51:03 IST" duration-ms="55" status="PASS">
          <reporter-output>
          </reporter-output>
        </test-method> <!-- testAppLaunch -->
        <test-method is-config="true" signature="tearDown()[pri:0, instance:com.appium.tests.SampleTest@64b73e7a]" started-at="2026-04-15T07:51:03 IST" name="tearDown" finished-at="2026-04-15T07:51:03 IST" duration-ms="216" status="PASS">
          <reporter-output>
          </reporter-output>
        </test-method> <!-- tearDown -->
      </class> <!-- com.appium.tests.SampleTest -->
    </test> <!-- Mobile Tests -->
  </suite> <!-- Appium Test Suite -->
</testng-results>
