<?xml version="1.0" encoding="UTF-8"?>
<testsuite xmlns:xsi="http://www.w3.org/2001/XMLSchema-instance" xsi:noNamespaceSchemaLocation="https://maven.apache.org/surefire/maven-surefire-plugin/xsd/surefire-test-report-3.0.xsd" version="3.0" name="TestSuite" time="3.348" tests="1" errors="0" skipped="0" failures="0">
  <properties>
[...]
</properties>
  <testcase name="testAppLaunch" classname="com.appium.tests.SampleTest" time="0.055">
    <system-out><![CDATA[07:51:00.708 [main] INFO  org.testng.internal.Utils - [XmlSuite] [WARN] 'parallel' value 'false' is no longer valid, defaulting to 'none'.
07:51:00.763 [main] INFO  com.appium.base.BaseTest - Setting up Appium driver...
07:51:00.769 [main] INFO  com.appium.utils.AppiumServerManager - Appium server is running on 127.0.0.1:4723
07:51:00.769 [main] INFO  com.appium.utils.AppiumServerManager - Server already running
07:51:03.497 [main] INFO  com.appium.base.BaseTest - Appium driver initialized successfully
07:51:03.504 [main] INFO  com.appium.tests.SampleTest - Test 1: Verifying app launch
07:51:03.557 [main] INFO  com.appium.tests.SampleTest - Current package: io.appium.android.apis
]]></system-out>
  </testcase>
</testsuite>