<?xml version="1.0" encoding="UTF-8"?>
<testng-results ignored="0" total="3" passed="3" failed="0" skipped="0">
  <reporter-output>
  </reporter-output>
  <suite started-at="2026-04-15T00:56:03 IST" name="Appium Test Suite" finished-at="2026-04-15T00:56:07 IST" duration-ms="3781">
    <groups>
    </groups>
    <test started-at="2026-04-15T00:56:03 IST" name="Mobile Tests" finished-at="2026-04-15T00:56:07 IST" duration-ms="3781">
      <class name="com.appium.tests.SampleTest">
        <test-method is-config="true" signature="setUp()[pri:0, instance:com.appium.tests.SampleTest@79dc5318]" started-at="2026-04-15T00:56:03 IST" name="setUp" finished-at="2026-04-15T00:56:06 IST" duration-ms="2573" status="PASS">
          <reporter-output>
          </reporter-output>
        </test-method> <!-- setUp -->
        <test-method signature="testAppLaunch()[pri:1, instance:com.appium.tests.SampleTest@79dc5318]" started-at="2026-04-15T00:56:06 IST" name="testAppLaunch" finished-at="2026-04-15T00:56:06 IST" duration-ms="58" status="PASS">
          <reporter-output>
          </reporter-output>
        </test-method> <!-- testAppLaunch -->
        <test-method signature="testElementPresence()[pri:2, instance:com.appium.tests.SampleTest@79dc5318]" started-at="2026-04-15T00:56:06 IST" name="testElementPresence" finished-at="2026-04-15T00:56:07 IST" duration-ms="860" status="PASS">
          <reporter-output>
          </reporter-output>
        </test-method> <!-- testElementPresence -->
        <test-method signature="testTextInput()[pri:3, instance:com.appium.tests.SampleTest@79dc5318]" started-at="2026-04-15T00:56:07 IST" name="testTextInput" finished-at="2026-04-15T00:56:07 IST" duration-ms="26" status="PASS">
          <reporter-output>
          </reporter-output>
        </test-method> <!-- testTextInput -->
        <test-method is-config="true" signature="tearDown()[pri:0, instance:com.appium.tests.SampleTest@79dc5318]" started-at="2026-04-15T00:56:07 IST" name="tearDown" finished-at="2026-04-15T00:56:07 IST" duration-ms="253" status="PASS">
          <reporter-output>
          </reporter-output>
        </test-method> <!-- tearDown -->
      </class> <!-- com.appium.tests.SampleTest -->
    </test> <!-- Mobile Tests -->
  </suite> <!-- Appium Test Suite -->
</testng-results>
