<?xml version="1.0" encoding="UTF-8"?>
<!-- Generated by org.testng.reporters.JUnitXMLReporter -->
<testsuite ignored="2" hostname="Aravinds-MacBook-Pro.local" failures="0" tests="1" name="Mobile Tests" time="3.02" errors="0" timestamp="2026-04-15T07:51:03 IST">
  <testcase classname="com.appium.tests.SampleTest" name="testAppLaunch" time="0.055"/>
  <testcase classname="com.appium.tests.SampleTest" name="testElementPresence" time="0.0">
    <ignored/>
  </testcase> <!-- testElementPresence -->
  <testcase classname="com.appium.tests.SampleTest" name="testTextInput" time="0.0">
    <ignored/>
  </testcase> <!-- testTextInput -->
</testsuite> <!-- Mobile Tests -->
