<?xml version="1.0" encoding="UTF-8"?>
<!-- Generated by org.testng.reporters.JUnitXMLReporter -->
<testsuite ignored="0" hostname="Aravinds-MacBook-Pro.local" failures="0" tests="3" name="Mobile Tests" time="3.781" errors="0" timestamp="2026-04-15T00:56:07 IST">
  <testcase classname="com.appium.tests.SampleTest" name="testAppLaunch" time="0.058"/>
  <testcase classname="com.appium.tests.SampleTest" name="testElementPresence" time="0.86"/>
  <testcase classname="com.appium.tests.SampleTest" name="testTextInput" time="0.026"/>
</testsuite> <!-- Mobile Tests -->
