<?xml version="1.0" encoding="UTF-8"?>
<!-- Generated by org.testng.reporters.JUnitReportReporter -->
<testsuite hostname="Aravinds-MacBook-Pro.local" failures="0" tests="3" name="com.appium.tests.SampleTest" time="0.055" errors="0" timestamp="2026-04-15T07:51:03 IST" skipped="2">
  <testcase classname="com.appium.tests.SampleTest" name="testAppLaunch" time="0.055"/>
  <testcase classname="com.appium.tests.SampleTest" name="testElementPresence">
    <skipped/>
  </testcase> <!-- testElementPresence -->
  <testcase classname="com.appium.tests.SampleTest" name="testTextInput">
    <skipped/>
  </testcase> <!-- testTextInput -->
</testsuite> <!-- com.appium.tests.SampleTest -->
