<?xml version="1.0" encoding="UTF-8"?>
<!-- Generated by org.testng.reporters.JUnitReportReporter -->
<testsuite hostname="Aravinds-MacBook-Pro.local" failures="0" tests="3" name="com.appium.tests.SampleTest" time="0.944" errors="0" timestamp="2026-04-15T00:56:07 IST" skipped="0">
  <testcase classname="com.appium.tests.SampleTest" name="testAppLaunch" time="0.058"/>
  <testcase classname="com.appium.tests.SampleTest" name="testElementPresence" time="0.860"/>
  <testcase classname="com.appium.tests.SampleTest" name="testTextInput" time="0.026"/>
</testsuite> <!-- com.appium.tests.SampleTest -->
